TN:
SF:/home/phantom/Documents/azemora/azemora-contracts/lib/forge-std/src/Base.sol
DA:1,0
DA:10,4
end_of_record

SF:/home/phantom/Documents/azemora/azemora-contracts/lib/forge-std/src/StdAssertions.sol
DA:38,9
DA:39,8
DA:40,0
DA:42,62
DA:46,0
DA:47,0
DA:48,0
DA:51,0
DA:52,0
DA:55,0
DA:56,0
DA:59,0
DA:60,0
DA:63,0
DA:64,0
DA:75,0
DA:76,0
DA:79,0
DA:80,0
DA:107,0
DA:108,0
DA:111,0
DA:112,0
DA:115,0
DA:116,0
DA:131,0
DA:132,0
DA:135,0
DA:136,0
DA:352,0
DA:353,0
end_of_record

SF:/home/phantom/Documents/azemora/azemora-contracts/lib/forge-std/src/StdChains.sol
DA:66,12
end_of_record

SF:/home/phantom/Documents/azemora/azemora-contracts/lib/forge-std/src/StdCheats.sol
DA:544,0
DA:545,0
DA:546,0
DA:547,0
DA:551,0
DA:552,0
end_of_record

SF:/home/phantom/Documents/azemora/azemora-contracts/lib/forge-std/src/StdConstants.sol
DA:7,0
end_of_record

SF:/home/phantom/Documents/azemora/azemora-contracts/lib/forge-std/src/StdError.sol
DA:5,0
DA:6,0
DA:7,0
DA:8,0
DA:9,0
DA:10,0
DA:11,0
DA:12,0
DA:13,0
DA:14,0
end_of_record

SF:/home/phantom/Documents/azemora/azemora-contracts/lib/forge-std/src/StdInvariant.sol
DA:65,0
DA:83,0
DA:84,0
DA:87,6
DA:88,31
DA:91,6
DA:92,33
DA:95,20
DA:96,8
DA:99,14
DA:100,33
DA:103,14
DA:104,33
DA:107,6
DA:108,31
DA:111,14
DA:112,33
DA:115,6
DA:116,31
DA:119,2
DA:120,7
end_of_record

SF:/home/phantom/Documents/azemora/azemora-contracts/lib/forge-std/src/StdJson.sol
DA:25,0
end_of_record

SF:/home/phantom/Documents/azemora/azemora-contracts/lib/forge-std/src/StdMath.sol
DA:4,0
end_of_record

SF:/home/phantom/Documents/azemora/azemora-contracts/lib/forge-std/src/StdStorage.sol
DA:24,0
DA:334,0
end_of_record

SF:/home/phantom/Documents/azemora/azemora-contracts/lib/forge-std/src/StdStyle.sol
DA:6,0
end_of_record

SF:/home/phantom/Documents/azemora/azemora-contracts/lib/forge-std/src/StdToml.sol
DA:25,0
end_of_record

SF:/home/phantom/Documents/azemora/azemora-contracts/lib/forge-std/src/StdUtils.sol
DA:16,0
DA:22,0
DA:31,0
DA:32,0
DA:35,0
DA:37,0
DA:41,0
DA:42,0
DA:45,0
DA:46,0
DA:47,0
DA:48,0
DA:49,0
DA:50,0
DA:51,0
DA:52,0
DA:53,0
DA:54,0
DA:58,0
DA:59,0
DA:60,0
DA:184,0
DA:185,0
DA:188,0
DA:189,0
DA:192,0
DA:193,0
DA:194,0
DA:202,0
DA:203,0
end_of_record

SF:/home/phantom/Documents/azemora/azemora-contracts/lib/forge-std/src/Test.sol
DA:33,20
end_of_record

SF:/home/phantom/Documents/azemora/azemora-contracts/lib/forge-std/src/Vm.sol
end_of_record

SF:/home/phantom/Documents/azemora/azemora-contracts/lib/forge-std/src/console.sol
DA:4,0
DA:6,0
DA:8,0
DA:9,0
DA:11,0
DA:12,0
DA:13,0
DA:14,0
DA:15,0
DA:16,0
DA:17,0
DA:18,0
DA:19,0
DA:33,0
DA:34,0
DA:61,0
DA:62,0
DA:201,0
DA:202,0
DA:229,0
DA:230,0
DA:241,0
DA:242,0
DA:245,0
DA:246,0
end_of_record

SF:/home/phantom/Documents/azemora/azemora-contracts/lib/forge-std/src/console2.sol
end_of_record

SF:/home/phantom/Documents/azemora/azemora-contracts/lib/forge-std/src/interfaces/IMulticall3.sol
end_of_record

SF:/home/phantom/Documents/azemora/azemora-contracts/lib/forge-std/src/safeconsole.sol
DA:6,0
end_of_record

SF:/home/phantom/Documents/azemora/azemora-contracts/lib/openzeppelin-contracts/contracts/access/IAccessControl.sol
DA:68,0
DA:70,1
DA:88,3
DA:97,11
DA:99,160
end_of_record

SF:/home/phantom/Documents/azemora/azemora-contracts/lib/openzeppelin-contracts/contracts/governance/IGovernor.sol
DA:49,0
DA:58,0
DA:62,0
DA:72,0
DA:77,0
DA:80,0
DA:85,0
DA:86,0
DA:89,0
DA:102,0
DA:105,0
DA:108,0
DA:111,0
DA:113,0
DA:116,0
DA:122,0
DA:124,0
DA:125,0
DA:127,0
DA:131,0
end_of_record

SF:/home/phantom/Documents/azemora/azemora-contracts/lib/openzeppelin-contracts/contracts/governance/utils/IVotes.sol
DA:48,0
DA:51,0
DA:53,0
DA:56,0
DA:60,0
end_of_record

SF:/home/phantom/Documents/azemora/azemora-contracts/lib/openzeppelin-contracts/contracts/interfaces/IERC1271.sol
DA:18,0
end_of_record

SF:/home/phantom/Documents/azemora/azemora-contracts/lib/openzeppelin-contracts/contracts/interfaces/IERC165.sol
DA:7,0
end_of_record

SF:/home/phantom/Documents/azemora/azemora-contracts/lib/openzeppelin-contracts/contracts/interfaces/IERC1967.sol
DA:25,0
end_of_record

SF:/home/phantom/Documents/azemora/azemora-contracts/lib/openzeppelin-contracts/contracts/interfaces/IERC5267.sol
DA:29,0
end_of_record

SF:/home/phantom/Documents/azemora/azemora-contracts/lib/openzeppelin-contracts/contracts/interfaces/IERC5805.sol
DA:10,0
end_of_record

SF:/home/phantom/Documents/azemora/azemora-contracts/lib/openzeppelin-contracts/contracts/interfaces/IERC6372.sol
DA:18,0
end_of_record

SF:/home/phantom/Documents/azemora/azemora-contracts/lib/openzeppelin-contracts/contracts/interfaces/IERC7913.sol
DA:18,0
end_of_record

SF:/home/phantom/Documents/azemora/azemora-contracts/lib/openzeppelin-contracts/contracts/interfaces/draft-IERC1822.sol
DA:21,183
end_of_record

SF:/home/phantom/Documents/azemora/azemora-contracts/lib/openzeppelin-contracts/contracts/interfaces/draft-IERC6093.sol
DA:30,2
DA:31,1
DA:45,0
DA:67,0
DA:73,0
DA:75,0
DA:92,0
DA:94,0
DA:104,3
DA:106,0
DA:110,0
DA:111,1
DA:116,0
DA:117,0
DA:118,0
DA:119,0
DA:121,0
DA:124,0
DA:125,0
DA:126,0
DA:127,0
DA:130,0
DA:150,0
DA:152,0
DA:155,0
DA:156,0
DA:157,0
DA:158,0
DA:160,0
end_of_record

SF:/home/phantom/Documents/azemora/azemora-contracts/lib/openzeppelin-contracts/contracts/mocks/token/ERC20Mock.sol
DA:17,565
end_of_record

SF:/home/phantom/Documents/azemora/azemora-contracts/lib/openzeppelin-contracts/contracts/proxy/ERC1967/ERC1967Proxy.sol
DA:22,0
DA:26,0
DA:27,0
DA:30,0
DA:31,22
DA:34,5
DA:38,0
end_of_record

SF:/home/phantom/Documents/azemora/azemora-contracts/lib/openzeppelin-contracts/contracts/proxy/ERC1967/ERC1967Utils.sol
DA:62,0
DA:67,0
DA:68,0
DA:69,0
DA:74,0
DA:76,0
DA:79,0
DA:80,0
DA:82,0
DA:83,0
DA:86,0
DA:88,0
DA:107,0
DA:109,0
DA:111,0
DA:117,0
DA:118,0
DA:120,0
DA:124,0
DA:127,0
DA:130,0
DA:132,0
DA:134,0
DA:136,0
DA:147,0
DA:148,0
DA:149,0
DA:164,0
DA:169,0
DA:170,0
DA:171,0
DA:172,0
DA:178,0
end_of_record

SF:/home/phantom/Documents/azemora/azemora-contracts/lib/openzeppelin-contracts/contracts/proxy/Proxy.sol
DA:27,0
DA:44,0
DA:48,0
DA:51,0
DA:56,0
DA:58,0
DA:59,0
DA:62,0
DA:63,0
DA:64,0
DA:65,0
DA:66,0
DA:67,0
DA:70,0
end_of_record

SF:/home/phantom/Documents/azemora/azemora-contracts/lib/openzeppelin-contracts/contracts/proxy/beacon/IBeacon.sol
DA:17,0
end_of_record

SF:/home/phantom/Documents/azemora/azemora-contracts/lib/openzeppelin-contracts/contracts/token/ERC1155/IERC1155.sol
DA:27,0
DA:31,0
end_of_record

SF:/home/phantom/Documents/azemora/azemora-contracts/lib/openzeppelin-contracts/contracts/token/ERC1155/IERC1155Receiver.sol
DA:22,1
DA:24,10
DA:25,0
end_of_record

SF:/home/phantom/Documents/azemora/azemora-contracts/lib/openzeppelin-contracts/contracts/token/ERC1155/extensions/IERC1155MetadataURI.sol
DA:21,0
end_of_record

SF:/home/phantom/Documents/azemora/azemora-contracts/lib/openzeppelin-contracts/contracts/token/ERC1155/utils/ERC1155Utils.sol
DA:34,1
DA:53,4
DA:54,0
DA:58,0
DA:63,3
DA:66,2
DA:69,4
DA:71,0
DA:72,0
DA:76,0
DA:79,0
DA:82,0
DA:85,0
DA:89,0
end_of_record

SF:/home/phantom/Documents/azemora/azemora-contracts/lib/openzeppelin-contracts/contracts/token/ERC20/ERC20.sol
DA:58,3
DA:60,1
DA:73,4
DA:77,1
DA:78,3
DA:82,1
DA:101,8
DA:105,4
DA:106,2
DA:113,7
DA:116,2
DA:118,4
DA:127,3
end_of_record

SF:/home/phantom/Documents/azemora/azemora-contracts/lib/openzeppelin-contracts/contracts/token/ERC20/IERC20.sol
DA:59,0
DA:74,0
DA:78,0
DA:80,0
end_of_record

SF:/home/phantom/Documents/azemora/azemora-contracts/lib/openzeppelin-contracts/contracts/token/ERC20/extensions/IERC20Metadata.sol
DA:27,0
end_of_record

SF:/home/phantom/Documents/azemora/azemora-contracts/lib/openzeppelin-contracts/contracts/token/ERC20/extensions/IERC20Permit.sol
end_of_record

SF:/home/phantom/Documents/azemora/azemora-contracts/lib/openzeppelin-contracts/contracts/token/ERC721/IERC721Receiver.sol
end_of_record

SF:/home/phantom/Documents/azemora/azemora-contracts/lib/openzeppelin-contracts/contracts/utils/Address.sol
end_of_record

SF:/home/phantom/Documents/azemora/azemora-contracts/lib/openzeppelin-contracts/contracts/utils/Arrays.sol
end_of_record

SF:/home/phantom/Documents/azemora/azemora-contracts/lib/openzeppelin-contracts/contracts/utils/Bytes.sol
end_of_record

SF:/home/phantom/Documents/azemora/azemora-contracts/lib/openzeppelin-contracts/contracts/utils/Comparators.sol
end_of_record

SF:/home/phantom/Documents/azemora/azemora-contracts/lib/openzeppelin-contracts/contracts/utils/Context.sol
end_of_record

SF:/home/phantom/Documents/azemora/azemora-contracts/lib/openzeppelin-contracts/contracts/utils/Errors.sol
end_of_record

SF:/home/phantom/Documents/azemora/azemora-contracts/lib/openzeppelin-contracts/contracts/utils/Panic.sol
end_of_record

SF:/home/phantom/Documents/azemora/azemora-contracts/lib/openzeppelin-contracts/contracts/utils/SlotDerivation.sol
end_of_record

SF:/home/phantom/Documents/azemora/azemora-contracts/lib/openzeppelin-contracts/contracts/utils/StorageSlot.sol
end_of_record

SF:/home/phantom/Documents/azemora/azemora-contracts/lib/openzeppelin-contracts/contracts/utils/Strings.sol
end_of_record

SF:/home/phantom/Documents/azemora/azemora-contracts/lib/openzeppelin-contracts/contracts/utils/cryptography/ECDSA.sol
DA:2,79
DA:7,23
DA:9,6
DA:13,0
end_of_record

SF:/home/phantom/Documents/azemora/azemora-contracts/lib/openzeppelin-contracts/contracts/utils/cryptography/MessageHashUtils.sol
DA:17,15
DA:24,22
DA:25,4
DA:26,1
DA:27,1
DA:34,4
DA:35,2
DA:36,2
end_of_record

SF:/home/phantom/Documents/azemora/azemora-contracts/lib/openzeppelin-contracts/contracts/utils/cryptography/SignatureChecker.sol
DA:14,0
DA:18,2
DA:30,1
DA:32,4
DA:34,2
DA:35,8
DA:37,13
DA:46,4
DA:48,4
DA:49,1
DA:50,10
DA:52,5
DA:53,7
DA:54,0
DA:136,0
end_of_record

SF:/home/phantom/Documents/azemora/azemora-contracts/lib/openzeppelin-contracts/contracts/utils/introspection/IERC165.sol
DA:26,39
end_of_record

SF:/home/phantom/Documents/azemora/azemora-contracts/lib/openzeppelin-contracts/contracts/utils/math/Math.sol
end_of_record

SF:/home/phantom/Documents/azemora/azemora-contracts/lib/openzeppelin-contracts/contracts/utils/math/SafeCast.sol
end_of_record

SF:/home/phantom/Documents/azemora/azemora-contracts/lib/openzeppelin-contracts/contracts/utils/math/SignedMath.sol
end_of_record

SF:/home/phantom/Documents/azemora/azemora-contracts/lib/openzeppelin-contracts/contracts/utils/structs/Checkpoints.sol
end_of_record

SF:/home/phantom/Documents/azemora/azemora-contracts/lib/openzeppelin-contracts/contracts/utils/structs/DoubleEndedQueue.sol
DA:10,0
DA:23,1
DA:24,7
DA:25,15
DA:26,62
DA:27,10
DA:28,6
DA:29,1
DA:33,0
DA:38,5
DA:39,1
DA:41,9
DA:44,0
DA:66,0
DA:71,0
DA:72,0
DA:73,0
DA:75,0
DA:82,0
end_of_record

SF:/home/phantom/Documents/azemora/azemora-contracts/lib/openzeppelin-contracts/contracts/utils/types/Time.sol
DA:43,34
DA:44,18
DA:45,8
DA:49,0
DA:52,0
DA:53,0
DA:71,0
DA:72,4
DA:74,0
DA:76,9
DA:77,1
DA:78,14
DA:83,0
DA:84,0
DA:85,0
DA:86,0
DA:87,0
DA:90,26
DA:100,22
DA:103,5
DA:104,4
DA:105,1
DA:118,13
DA:121,1
DA:124,6
DA:127,4
DA:128,5
DA:134,249
end_of_record

SF:/home/phantom/Documents/azemora/azemora-contracts/lib/openzeppelin-contracts-upgradeable/contracts/access/AccessControlUpgradeable.sol
end_of_record

SF:/home/phantom/Documents/azemora/azemora-contracts/lib/openzeppelin-contracts-upgradeable/contracts/access/OwnableUpgradeable.sol
end_of_record

SF:/home/phantom/Documents/azemora/azemora-contracts/lib/openzeppelin-contracts-upgradeable/contracts/governance/GovernorUpgradeable.sol
end_of_record

SF:/home/phantom/Documents/azemora/azemora-contracts/lib/openzeppelin-contracts-upgradeable/contracts/governance/TimelockControllerUpgradeable.sol
end_of_record

SF:/home/phantom/Documents/azemora/azemora-contracts/lib/openzeppelin-contracts-upgradeable/contracts/governance/extensions/GovernorCountingSimpleUpgradeable.sol
DA:6,0
DA:99,3
DA:100,1
DA:101,42
DA:103,6
DA:104,1
DA:111,7
DA:115,6
DA:118,0
DA:121,17
end_of_record

SF:/home/phantom/Documents/azemora/azemora-contracts/lib/openzeppelin-contracts-upgradeable/contracts/governance/extensions/GovernorSettingsUpgradeable.sol
DA:13,0
DA:131,36
end_of_record

SF:/home/phantom/Documents/azemora/azemora-contracts/lib/openzeppelin-contracts-upgradeable/contracts/governance/extensions/GovernorTimelockControlUpgradeable.sol
DA:6,0
end_of_record

SF:/home/phantom/Documents/azemora/azemora-contracts/lib/openzeppelin-contracts-upgradeable/contracts/governance/extensions/GovernorVotesQuorumFractionUpgradeable.sol
DA:6,0
end_of_record

SF:/home/phantom/Documents/azemora/azemora-contracts/lib/openzeppelin-contracts-upgradeable/contracts/governance/extensions/GovernorVotesUpgradeable.sol
DA:17,4
end_of_record

SF:/home/phantom/Documents/azemora/azemora-contracts/lib/openzeppelin-contracts-upgradeable/contracts/governance/utils/VotesUpgradeable.sol
DA:8,0
end_of_record

SF:/home/phantom/Documents/azemora/azemora-contracts/lib/openzeppelin-contracts-upgradeable/contracts/proxy/utils/Initializable.sol
DA:12,0
DA:18,0
DA:31,0
DA:34,0
DA:38,0
DA:43,0
end_of_record

SF:/home/phantom/Documents/azemora/azemora-contracts/lib/openzeppelin-contracts-upgradeable/contracts/proxy/utils/UUPSUpgradeable.sol
DA:28,0
end_of_record

SF:/home/phantom/Documents/azemora/azemora-contracts/lib/openzeppelin-contracts-upgradeable/contracts/token/ERC1155/ERC1155Upgradeable.sol
DA:27,0
end_of_record

SF:/home/phantom/Documents/azemora/azemora-contracts/lib/openzeppelin-contracts-upgradeable/contracts/token/ERC1155/utils/ERC1155HolderUpgradeable.sol
DA:7,0
DA:48,0
end_of_record

SF:/home/phantom/Documents/azemora/azemora-contracts/lib/openzeppelin-contracts-upgradeable/contracts/token/ERC20/ERC20Upgradeable.sol
DA:8,0
DA:53,0
DA:55,0
DA:56,0
DA:57,0
DA:63,0
DA:64,0
DA:65,0
DA:67,0
DA:68,0
DA:69,0
DA:70,0
DA:71,0
DA:72,0
DA:76,0
DA:144,0
DA:150,0
DA:175,0
DA:176,0
DA:178,0
DA:180,0
DA:182,0
DA:184,0
DA:186,0
DA:187,0
DA:193,0
DA:194,0
DA:195,0
DA:196,0
DA:197,0
DA:199,0
DA:201,0
DA:202,0
DA:205,0
DA:206,0
DA:207,0
DA:209,0
DA:210,0
DA:211,0
end_of_record

SF:/home/phantom/Documents/azemora/azemora-contracts/lib/openzeppelin-contracts-upgradeable/contracts/token/ERC20/extensions/ERC20PermitUpgradeable.sol
DA:10,0
DA:83,0
end_of_record

SF:/home/phantom/Documents/azemora/azemora-contracts/lib/openzeppelin-contracts-upgradeable/contracts/token/ERC20/extensions/ERC20VotesUpgradeable.sol
DA:17,0
DA:26,0
DA:30,0
DA:31,0
DA:33,0
DA:36,0
DA:38,0
DA:42,0
DA:45,0
DA:46,0
DA:50,0
DA:51,0
DA:52,0
DA:53,0
DA:54,0
end_of_record

SF:/home/phantom/Documents/azemora/azemora-contracts/lib/openzeppelin-contracts-upgradeable/contracts/token/ERC721/utils/ERC721HolderUpgradeable.sol
end_of_record

SF:/home/phantom/Documents/azemora/azemora-contracts/lib/openzeppelin-contracts-upgradeable/contracts/utils/ContextUpgradeable.sol
DA:9,0
DA:27,0
DA:29,0
DA:35,0
end_of_record

SF:/home/phantom/Documents/azemora/azemora-contracts/lib/openzeppelin-contracts-upgradeable/contracts/utils/NoncesUpgradeable.sol
DA:21,0
DA:67,0
end_of_record

SF:/home/phantom/Documents/azemora/azemora-contracts/lib/openzeppelin-contracts-upgradeable/contracts/utils/PausableUpgradeable.sol
DA:7,0
end_of_record

SF:/home/phantom/Documents/azemora/azemora-contracts/lib/openzeppelin-contracts-upgradeable/contracts/utils/ReentrancyGuardUpgradeable.sol
DA:16,0
DA:109,0
end_of_record

SF:/home/phantom/Documents/azemora/azemora-contracts/lib/openzeppelin-contracts-upgradeable/contracts/utils/cryptography/EIP712Upgradeable.sol
DA:15,0
DA:28,0
DA:29,0
DA:31,0
DA:32,0
DA:62,0
DA:64,0
DA:65,0
DA:66,0
DA:67,0
DA:68,0
DA:69,0
DA:71,0
DA:119,0
DA:120,0
DA:129,0
end_of_record

SF:/home/phantom/Documents/azemora/azemora-contracts/lib/openzeppelin-contracts-upgradeable/contracts/utils/introspection/ERC165Upgradeable.sol
DA:16,0
DA:25,0
DA:27,0
DA:28,0
end_of_record

SF:/home/phantom/Documents/azemora/azemora-contracts/src/core/DynamicImpactCredit.sol
DA:26,181
DA:27,14
DA:28,1
DA:29,2
DA:35,0
DA:44,28
DA:45,5
DA:46,4
DA:47,4
DA:57,19
DA:58,16
DA:59,4
DA:60,4
DA:61,4
DA:63,6
DA:64,2
DA:65,7
DA:67,19
DA:68,11
DA:69,11
DA:70,11
DA:83,24
DA:87,1
DA:88,61
DA:90,6
DA:91,19
DA:94,33
DA:96,20
DA:106,0
DA:107,0
DA:108,0
DA:109,0
DA:118,0
DA:119,0
DA:120,0
DA:121,0
DA:131,0
DA:132,0
DA:144,7
DA:145,0
DA:146,0
DA:147,0
DA:148,8
DA:157,0
DA:158,0
DA:159,0
DA:160,0
DA:161,0
DA:165,0
DA:166,0
DA:167,0
DA:168,0
DA:169,0
DA:172,0
DA:179,0
DA:180,0
DA:189,0
DA:190,0
DA:191,0
DA:200,0
DA:201,0
DA:209,2
DA:210,1
DA:214,0
DA:217,0
DA:221,0
DA:223,0
DA:235,0
DA:240,0
DA:241,0
DA:243,0
DA:244,0
DA:245,0
DA:246,0
DA:248,0
DA:252,0
DA:254,0
DA:256,0
DA:257,0
DA:258,0
DA:261,0
end_of_record

SF:/home/phantom/Documents/azemora/azemora-contracts/src/core/ProjectRegistry.sol
DA:41,120
DA:48,14
DA:49,2
DA:81,6
DA:82,4
DA:91,13
DA:92,4
DA:93,4
DA:94,4
DA:95,4
DA:97,8
DA:98,2
DA:99,2
DA:101,19
DA:102,11
DA:103,11
DA:117,17
DA:118,15
DA:120,76
DA:121,70
DA:123,24
DA:135,22
DA:136,12
DA:137,11
DA:139,7
DA:140,20
DA:141,13
DA:143,14
DA:144,3
DA:145,20
DA:146,0
DA:148,0
DA:149,0
DA:150,0
DA:151,1
DA:152,0
DA:157,0
DA:160,20
DA:161,24
DA:171,6
DA:172,0
DA:173,0
DA:174,0
DA:185,0
DA:186,0
DA:187,0
DA:189,0
DA:190,0
DA:191,0
DA:201,0
DA:202,0
DA:203,0
DA:213,20
DA:214,28
DA:223,0
DA:224,0
DA:225,0
DA:226,0
DA:227,0
DA:231,0
DA:232,0
DA:233,0
DA:234,0
DA:235,0
DA:238,0
DA:247,0
DA:248,0
DA:256,2
DA:257,1
DA:265,0
DA:266,0
DA:267,0
DA:270,0
DA:272,13
DA:273,2
end_of_record

SF:/home/phantom/Documents/azemora/azemora-contracts/src/core/dMRVManager.sol
DA:26,0
DA:34,0
DA:35,0
DA:40,0
DA:41,0
DA:77,0
DA:78,0
DA:79,0
DA:81,0
DA:82,0
DA:83,0
DA:92,0
DA:93,0
DA:94,0
DA:95,0
DA:96,0
DA:98,0
DA:100,0
DA:101,0
DA:103,0
DA:104,0
DA:105,0
DA:117,0
DA:118,0
DA:122,0
DA:124,0
DA:125,0
DA:126,0
DA:127,0
DA:131,0
DA:147,0
DA:152,0
DA:153,0
DA:154,0
DA:155,0
DA:157,0
DA:160,0
DA:163,0
DA:165,0
DA:174,0
DA:175,0
DA:177,0
DA:178,0
DA:179,0
DA:181,0
DA:183,0
DA:184,0
DA:186,0
DA:196,0
DA:199,0
DA:201,0
DA:219,0
DA:224,0
DA:225,0
DA:227,0
DA:228,0
DA:229,0
DA:234,0
DA:235,0
DA:244,0
DA:245,0
DA:253,0
DA:254,0
DA:258,0
DA:266,0
DA:267,0
DA:268,0
DA:269,0
DA:270,0
DA:274,0
DA:275,0
DA:276,0
DA:277,0
DA:278,0
DA:281,0
end_of_record

SF:/home/phantom/Documents/azemora/azemora-contracts/src/governance/AzemoraGovernor.sol
DA:21,0
DA:31,0
DA:32,0
DA:35,0
DA:42,0
DA:43,0
DA:44,0
DA:45,0
DA:46,0
DA:55,0
DA:59,0
DA:61,0
DA:64,0
DA:70,0
DA:71,0
DA:74,0
DA:81,0
DA:84,0
DA:89,0
DA:90,0
DA:93,0
DA:97,0
DA:99,0
DA:102,0
DA:106,0
DA:108,0
DA:111,0
DA:112,0
DA:115,0
DA:119,0
DA:123,0
DA:125,0
DA:128,0
DA:132,0
DA:134,0
DA:137,0
DA:138,0
end_of_record

SF:/home/phantom/Documents/azemora/azemora-contracts/src/governance/AzemoraTimelockController.sol
DA:14,0
DA:16,0
DA:17,0
DA:20,0
DA:25,0
end_of_record

SF:/home/phantom/Documents/azemora/azemora-contracts/src/governance/Treasury.sol
DA:16,0
DA:23,0
DA:24,0
DA:27,0
DA:28,0
DA:29,0
DA:30,0
DA:35,0
DA:36,0
DA:37,0
DA:38,0
DA:39,0
DA:40,0
DA:43,0
DA:44,0
DA:45,0
DA:46,0
DA:47,0
DA:50,0
end_of_record

SF:/home/phantom/Documents/azemora/azemora-contracts/src/marketplace/Marketplace.sol
DA:91,151
DA:100,2
DA:105,0
DA:106,0
DA:107,0
DA:108,0
DA:121,72
DA:122,17
DA:123,0
DA:140,6
DA:141,4
DA:152,20
DA:153,4
DA:154,4
DA:155,4
DA:156,4
DA:157,4
DA:159,6
DA:160,2
DA:162,15
DA:163,13
DA:165,17
DA:166,11
DA:180,24
DA:184,1
DA:186,6
DA:187,6
DA:188,6
DA:191,45
DA:193,17
DA:194,138
DA:195,1
DA:196,2
DA:197,1
DA:198,1
DA:199,1
DA:200,6
DA:201,1
DA:204,14
DA:206,23
DA:219,21
DA:220,10
DA:222,12
DA:223,14
DA:224,6
DA:225,10
DA:227,16
DA:228,67
DA:230,19
DA:231,8
DA:234,17
DA:235,12
DA:236,10
DA:237,14
DA:238,22
DA:240,14
DA:245,4
DA:246,76
DA:247,0
DA:250,5
DA:251,0
DA:252,0
DA:254,0
DA:258,53
DA:267,17
DA:268,10
DA:269,12
DA:270,9
DA:288,0
DA:289,0
DA:290,0
DA:294,0
DA:295,0
DA:296,0
DA:297,0
DA:298,0
DA:300,0
DA:301,0
DA:303,0
DA:304,0
DA:306,0
DA:310,0
DA:322,0
DA:326,0
DA:327,0
DA:329,0
DA:331,0
DA:332,0
DA:336,0
DA:337,0
DA:338,0
DA:339,0
DA:341,0
DA:342,0
DA:343,0
DA:344,0
DA:346,0
DA:347,0
DA:348,0
DA:351,0
DA:354,0
DA:355,0
DA:356,0
DA:358,0
DA:363,0
DA:364,0
DA:365,0
DA:366,0
DA:368,0
DA:369,0
DA:370,0
DA:373,0
DA:374,0
DA:375,0
DA:376,0
DA:377,0
DA:379,0
DA:382,0
DA:385,0
DA:386,0
DA:387,0
DA:393,0
DA:402,2
DA:403,0
DA:404,0
DA:405,1
DA:407,10
DA:408,12
DA:411,66
DA:413,0
DA:423,0
DA:424,0
DA:425,0
DA:426,0
DA:427,0
DA:429,0
DA:430,0
DA:440,0
DA:441,0
DA:442,0
DA:443,0
DA:453,0
DA:456,0
DA:457,0
DA:458,0
DA:466,0
DA:467,0
DA:468,0
DA:477,0
DA:479,0
DA:480,0
DA:481,0
DA:482,0
DA:483,0
DA:484,0
DA:488,0
DA:489,0
DA:490,0
DA:492,0
DA:501,0
DA:502,0
DA:510,0
DA:511,0
DA:515,10
DA:519,0
DA:521,2
DA:525,0
end_of_record

SF:/home/phantom/Documents/azemora/azemora-contracts/src/token/AzemoraToken.sol
DA:19,0
DA:28,0
DA:29,0
DA:32,0
DA:33,0
DA:34,0
DA:35,0
DA:36,0
DA:37,0
DA:39,0
DA:43,0
DA:48,0
DA:52,0
DA:55,0
DA:56,0
DA:59,0
end_of_record

SF:/home/phantom/Documents/azemora/azemora-contracts/test/dMRVManager/DMRVManager.fuzz.t.sol
DA:10,0
DA:15,0
DA:16,0
DA:17,0
DA:18,0
DA:20,0
DA:22,0
DA:24,0
DA:27,0
DA:28,0
DA:30,0
DA:33,0
DA:35,0
DA:36,0
DA:37,0
DA:43,0
DA:44,0
DA:45,0
DA:48,0
DA:49,0
DA:50,0
DA:52,0
DA:55,0
DA:56,0
DA:58,0
DA:59,0
DA:62,0
DA:63,0
DA:66,0
DA:71,0
DA:74,0
DA:75,0
DA:78,0
DA:82,0
DA:83,0
DA:86,0
DA:87,0
DA:88,0
DA:92,0
DA:94,0
DA:95,0
DA:99,0
DA:101,0
DA:102,0
DA:103,0
DA:108,0
DA:109,0
DA:110,0
DA:111,0
DA:114,0
DA:115,0
DA:116,0
DA:121,0
DA:122,0
DA:123,0
DA:124,0
DA:127,0
DA:128,0
DA:129,0
end_of_record

SF:/home/phantom/Documents/azemora/azemora-contracts/test/dMRVManager/dMRVManager.t.sol
DA:10,0
DA:15,0
DA:16,0
DA:17,0
DA:19,0
DA:22,0
DA:23,0
DA:25,0
DA:26,0
DA:27,0
DA:28,0
DA:31,0
DA:32,0
DA:33,0
DA:34,0
DA:37,0
DA:38,0
DA:39,0
DA:40,0
DA:43,0
DA:44,0
DA:46,0
DA:50,0
DA:51,0
DA:52,0
DA:53,0
DA:56,0
DA:57,0
DA:60,0
DA:62,0
DA:63,0
DA:64,0
DA:66,0
DA:67,0
DA:68,0
DA:71,0
DA:72,0
DA:73,0
DA:75,0
DA:76,0
DA:77,0
DA:80,0
DA:81,0
DA:84,0
DA:85,0
DA:88,0
DA:89,0
DA:90,0
end_of_record

SF:/home/phantom/Documents/azemora/azemora-contracts/test/dMRVManager/dMRVManager.uncovered.t.sol
DA:10,0
DA:15,0
DA:16,0
DA:17,0
DA:18,0
DA:20,0
DA:22,0
DA:24,0
DA:27,0
DA:28,0
DA:29,0
DA:30,0
DA:31,0
DA:34,0
DA:35,0
DA:36,0
DA:37,0
DA:40,0
DA:41,0
DA:42,0
DA:43,0
DA:46,0
DA:47,0
DA:48,0
DA:50,0
DA:53,0
DA:54,0
DA:56,0
DA:57,0
DA:62,0
DA:63,0
DA:64,0
DA:65,0
DA:66,0
DA:69,0
DA:70,0
DA:71,0
DA:74,0
DA:79,0
DA:81,0
DA:82,0
DA:85,0
DA:86,0
DA:87,0
DA:88,0
DA:91,0
DA:94,0
DA:95,0
DA:98,0
DA:99,0
DA:102,0
DA:104,0
DA:105,0
DA:108,0
DA:109,0
DA:110,0
DA:111,0
DA:115,0
DA:116,0
DA:118,0
DA:121,0
DA:122,0
DA:125,0
DA:126,0
DA:127,0
DA:128,0
DA:131,0
DA:134,0
DA:135,0
DA:138,0
DA:139,0
DA:142,0
DA:143,0
DA:146,0
DA:147,0
DA:149,0
DA:150,0
DA:152,0
DA:153,0
DA:156,0
DA:157,0
DA:159,0
DA:160,0
DA:162,0
DA:163,0
DA:166,0
DA:167,0
DA:169,0
DA:170,0
DA:172,0
DA:173,0
DA:176,0
DA:178,0
DA:179,0
DA:180,0
DA:181,0
DA:184,0
DA:185,0
DA:190,0
DA:192,0
DA:193,0
DA:196,0
DA:197,0
DA:202,0
DA:204,0
DA:205,0
DA:206,0
DA:210,0
DA:211,0
DA:212,0
DA:215,0
DA:217,0
DA:218,0
DA:221,0
DA:224,0
DA:225,0
DA:229,0
DA:231,0
DA:232,0
DA:235,0
DA:238,0
DA:239,0
DA:242,0
DA:243,0
DA:244,0
DA:249,0
DA:250,0
DA:252,0
DA:254,0
DA:255,0
DA:256,0
DA:257,0
DA:258,0
DA:261,0
DA:262,0
DA:263,0
DA:264,0
DA:267,0
DA:270,0
DA:271,0
DA:272,0
DA:274,0
DA:276,0
DA:277,0
DA:278,0
DA:280,0
DA:281,0
DA:282,0
DA:283,0
DA:285,0
DA:286,0
DA:287,0
end_of_record

SF:/home/phantom/Documents/azemora/azemora-contracts/test/dynamicImpactCredit/DynamicImpactCredit.complex.t.sol
DA:13,0
DA:14,0
DA:23,0
DA:25,0
DA:27,0
DA:28,0
DA:29,0
DA:30,0
DA:31,0
DA:32,0
DA:33,0
DA:36,0
DA:38,0
DA:39,0
DA:43,0
DA:46,0
DA:47,0
DA:48,0
DA:51,0
DA:52,0
DA:53,0
DA:65,0
DA:66,0
DA:68,0
DA:69,0
DA:70,0
DA:72,0
DA:75,0
DA:76,0
DA:78,0
DA:79,0
DA:84,0
DA:85,0
DA:86,0
DA:89,0
DA:90,0
DA:91,0
DA:94,0
DA:98,0
DA:99,0
DA:100,0
DA:103,0
DA:107,0
DA:108,0
DA:109,0
DA:112,0
DA:118,0
DA:121,0
DA:122,0
DA:123,0
DA:124,0
DA:125,0
DA:128,0
DA:130,0
DA:132,0
DA:133,0
DA:134,0
DA:135,0
DA:136,0
DA:140,0
DA:143,0
DA:146,0
DA:147,0
DA:150,0
DA:151,0
DA:153,0
DA:156,0
DA:157,0
DA:158,0
DA:159,0
DA:162,0
DA:165,0
DA:166,0
DA:168,0
DA:171,0
DA:172,0
DA:173,0
DA:174,0
DA:175,0
DA:178,0
DA:179,0
DA:180,0
DA:182,0
DA:183,0
DA:184,0
DA:187,0
DA:188,0
DA:191,0
DA:193,0
DA:194,0
DA:197,0
DA:200,0
DA:203,0
DA:204,0
DA:205,0
DA:208,0
DA:209,0
DA:210,0
DA:213,0
DA:214,0
DA:217,0
DA:218,0
DA:219,0
DA:220,0
DA:221,0
DA:223,0
DA:224,0
DA:226,0
DA:230,0
DA:232,0
DA:233,0
DA:234,0
DA:236,0
DA:237,0
DA:238,0
DA:239,0
DA:241,0
DA:242,0
DA:243,0
DA:244,0
DA:247,0
DA:248,0
DA:251,0
DA:252,0
DA:253,0
DA:257,0
DA:258,0
DA:261,0
DA:264,0
DA:265,0
DA:266,0
DA:270,0
DA:272,0
DA:275,0
DA:276,0
DA:277,0
DA:279,0
DA:280,0
DA:284,0
DA:285,0
DA:288,0
DA:289,0
DA:290,0
DA:292,0
end_of_record

SF:/home/phantom/Documents/azemora/azemora-contracts/test/dynamicImpactCredit/DynamicImpactCredit.fuzz.t.sol
DA:9,0
DA:12,0
DA:13,0
DA:14,0
DA:15,0
DA:17,0
DA:18,0
DA:20,0
DA:21,0
DA:22,0
DA:24,0
DA:27,0
DA:29,0
DA:31,0
DA:32,0
DA:34,0
DA:35,0
DA:36,0
DA:40,0
DA:42,0
DA:45,0
DA:46,0
DA:47,0
DA:50,0
DA:52,0
DA:53,0
DA:54,0
DA:55,0
DA:58,0
DA:59,0
DA:60,0
DA:61,0
DA:64,0
DA:65,0
DA:68,0
DA:69,0
DA:70,0
DA:75,0
DA:76,0
DA:78,0
DA:79,0
DA:82,0
DA:83,0
DA:84,0
DA:85,0
DA:88,0
DA:89,0
DA:92,0
DA:93,0
DA:96,0
DA:100,0
DA:101,0
DA:104,0
DA:105,0
DA:106,0
DA:107,0
DA:110,0
DA:111,0
DA:114,0
DA:115,0
DA:118,0
DA:121,0
DA:122,0
DA:123,0
DA:124,0
end_of_record

SF:/home/phantom/Documents/azemora/azemora-contracts/test/dynamicImpactCredit/DynamicImpactCredit.invariant.t.sol
DA:14,0
DA:21,0
DA:22,0
DA:23,0
DA:26,0
DA:27,0
DA:29,0
DA:36,0
DA:37,0
DA:38,0
DA:39,0
DA:40,0
DA:43,0
DA:44,0
DA:49,0
DA:50,0
DA:54,0
DA:56,0
DA:57,0
DA:60,0
DA:63,0
DA:64,0
DA:65,0
DA:66,0
DA:67,0
DA:70,0
DA:71,0
DA:74,0
DA:75,0
DA:78,0
DA:79,0
DA:80,0
DA:85,0
DA:86,0
DA:89,0
DA:90,0
DA:93,0
DA:96,0
DA:99,0
DA:101,0
DA:102,0
DA:104,0
DA:105,0
DA:112,0
DA:114,0
DA:115,0
DA:118,0
DA:119,0
DA:122,0
DA:123,0
DA:124,0
DA:127,0
DA:130,0
DA:132,0
DA:133,0
DA:135,0
DA:136,0
DA:143,0
DA:144,0
DA:147,0
DA:148,0
DA:150,0
DA:151,0
DA:155,0
DA:157,0
DA:158,0
DA:160,0
DA:165,0
DA:169,0
DA:170,0
DA:171,0
DA:173,0
DA:174,0
DA:176,0
DA:177,0
DA:178,0
DA:180,0
DA:181,0
DA:183,0
DA:184,0
DA:190,0
DA:191,0
DA:192,0
DA:193,0
DA:196,0
DA:197,0
DA:201,0
DA:202,0
DA:203,0
DA:204,0
DA:205,0
DA:207,0
DA:208,0
DA:209,0
DA:216,0
DA:217,0
DA:218,0
DA:219,0
DA:222,0
DA:223,0
DA:224,0
DA:226,0
DA:227,0
DA:228,0
DA:229,0
DA:230,0
DA:238,0
DA:239,0
DA:243,0
DA:244,0
end_of_record

SF:/home/phantom/Documents/azemora/azemora-contracts/test/dynamicImpactCredit/DynamicImpactCredit.t.sol
DA:17,0
DA:22,0
DA:23,0
DA:24,0
DA:25,0
DA:26,0
DA:31,0
DA:32,0
DA:34,0
DA:37,0
DA:38,0
DA:39,0
DA:40,0
DA:41,0
DA:44,0
DA:46,0
DA:48,0
DA:49,0
DA:51,0
DA:52,0
DA:54,0
DA:57,0
DA:58,0
DA:62,0
DA:63,0
DA:64,0
DA:65,0
DA:66,0
DA:67,0
DA:69,0
DA:70,0
DA:72,0
DA:73,0
DA:77,0
DA:78,0
DA:79,0
DA:80,0
DA:82,0
DA:83,0
DA:84,0
DA:85,0
DA:86,0
DA:87,0
DA:90,0
DA:91,0
DA:93,0
DA:94,0
DA:96,0
DA:97,0
DA:98,0
DA:99,0
DA:101,0
DA:102,0
DA:104,0
DA:105,0
DA:106,0
DA:110,0
DA:111,0
DA:112,0
DA:113,0
DA:114,0
DA:115,0
DA:117,0
DA:118,0
DA:119,0
DA:122,0
DA:123,0
DA:127,0
DA:128,0
DA:129,0
DA:130,0
DA:131,0
DA:132,0
DA:134,0
DA:135,0
DA:136,0
DA:137,0
DA:139,0
DA:140,0
DA:141,0
DA:142,0
DA:144,0
DA:145,0
DA:146,0
DA:147,0
DA:151,0
DA:152,0
DA:153,0
DA:154,0
DA:155,0
DA:156,0
DA:158,0
DA:159,0
DA:161,0
DA:162,0
DA:164,0
DA:168,0
DA:169,0
DA:170,0
DA:171,0
DA:172,0
DA:173,0
DA:175,0
DA:176,0
DA:178,0
DA:179,0
DA:180,0
DA:184,0
DA:185,0
DA:186,0
DA:190,0
DA:191,0
DA:192,0
DA:193,0
DA:194,0
DA:195,0
DA:197,0
DA:198,0
DA:201,0
DA:203,0
DA:205,0
DA:206,0
DA:209,0
DA:211,0
DA:212,0
DA:215,0
DA:216,0
DA:217,0
DA:218,0
DA:223,0
DA:224,0
DA:226,0
DA:228,0
DA:229,0
DA:230,0
DA:231,0
DA:232,0
DA:235,0
DA:236,0
DA:237,0
DA:238,0
DA:241,0
DA:244,0
DA:245,0
DA:246,0
DA:247,0
DA:248,0
DA:249,0
DA:251,0
DA:252,0
DA:254,0
DA:255,0
DA:256,0
DA:259,0
DA:261,0
DA:262,0
DA:263,0
DA:266,0
DA:267,0
DA:270,0
DA:271,0
DA:273,0
DA:274,0
DA:276,0
DA:277,0
DA:280,0
DA:281,0
DA:282,0
DA:285,0
DA:286,0
DA:287,0
DA:290,0
DA:291,0
DA:292,0
DA:293,0
DA:295,0
DA:296,0
DA:297,0
DA:298,0
DA:299,0
DA:301,0
DA:302,0
DA:303,0
DA:306,0
DA:307,0
DA:308,0
DA:309,0
DA:311,0
DA:312,0
DA:313,0
DA:314,0
DA:315,0
DA:316,0
DA:319,0
DA:320,0
DA:321,0
DA:322,0
DA:324,0
DA:325,0
DA:331,0
DA:332,0
DA:334,0
DA:336,0
end_of_record

SF:/home/phantom/Documents/azemora/azemora-contracts/test/echidna/Marketplace.echidna.t.sol
DA:16,193
DA:26,2
DA:27,2
DA:28,2
DA:29,1
DA:31,13
DA:35,27
DA:36,23
DA:37,43
DA:40,26
DA:41,29
DA:42,43
DA:45,36
DA:48,26
DA:50,42
DA:51,41
DA:55,109
DA:56,114
DA:59,12
DA:60,36
DA:63,16
DA:64,29
DA:65,37
DA:66,49
DA:67,42
DA:72,53
DA:75,19
DA:76,62
DA:77,70
DA:78,68
DA:79,39
DA:88,0
DA:89,0
DA:90,0
DA:91,0
DA:92,0
DA:93,0
DA:100,4
DA:101,0
DA:102,0
DA:103,0
DA:104,0
DA:105,0
DA:108,0
DA:113,0
DA:114,0
DA:117,0
DA:118,0
DA:119,0
DA:123,0
DA:124,0
DA:125,0
DA:126,0
DA:131,0
DA:132,0
DA:145,17
DA:146,10
DA:147,8
DA:148,9
DA:149,9
DA:151,34
DA:152,2
DA:155,60
DA:156,7
DA:157,3
DA:159,11
DA:161,63
DA:164,31
DA:165,72
DA:166,7
DA:168,11
DA:169,36
DA:171,12
DA:179,63
DA:181,35
DA:183,9
DA:185,10
DA:186,74
DA:188,36
DA:189,49
DA:192,22
DA:193,72
DA:194,7
DA:195,14
DA:197,75
DA:198,22
DA:200,57
DA:204,9
DA:205,6
DA:206,3
DA:209,27
end_of_record

SF:/home/phantom/Documents/azemora/azemora-contracts/test/governance/Governance.complex.t.sol
DA:16,0
DA:17,0
DA:20,0
DA:23,0
DA:24,0
DA:25,0
DA:32,0
DA:33,0
DA:34,0
DA:35,0
DA:38,0
DA:39,0
DA:40,0
DA:41,0
DA:43,0
DA:44,0
DA:47,0
DA:48,0
DA:49,0
DA:50,0
DA:53,0
DA:54,0
DA:55,0
DA:56,0
DA:57,0
DA:60,0
DA:61,0
DA:64,0
DA:65,0
DA:71,0
DA:72,0
DA:75,0
DA:76,0
DA:77,0
DA:78,0
DA:81,0
DA:83,0
DA:84,0
DA:85,0
DA:86,0
DA:88,0
DA:89,0
DA:90,0
DA:93,0
DA:95,0
DA:96,0
DA:97,0
DA:98,0
DA:99,0
DA:102,0
DA:103,0
DA:106,0
DA:107,0
DA:110,0
DA:111,0
DA:112,0
DA:114,0
DA:121,0
DA:122,0
DA:123,0
DA:125,0
DA:126,0
DA:128,0
DA:129,0
DA:131,0
DA:132,0
DA:134,0
DA:135,0
DA:141,0
DA:142,0
DA:143,0
DA:146,0
DA:147,0
DA:148,0
DA:149,0
DA:150,0
DA:151,0
DA:152,0
DA:154,0
DA:155,0
DA:158,0
DA:159,0
DA:160,0
DA:161,0
DA:162,0
DA:163,0
DA:164,0
DA:165,0
DA:166,0
DA:169,0
DA:170,0
DA:176,0
DA:178,0
DA:179,0
DA:182,0
DA:183,0
DA:184,0
DA:185,0
DA:188,0
DA:189,0
DA:190,0
DA:191,0
DA:192,0
DA:193,0
DA:194,0
DA:197,0
DA:198,0
DA:201,0
DA:202,0
DA:203,0
DA:206,0
DA:209,0
DA:212,0
DA:213,0
DA:214,0
DA:216,0
DA:223,0
DA:225,0
DA:226,0
DA:227,0
DA:228,0
DA:229,0
DA:230,0
DA:231,0
DA:233,0
DA:234,0
DA:236,0
DA:237,0
DA:238,0
DA:239,0
DA:242,0
DA:243,0
DA:244,0
DA:245,0
DA:246,0
DA:247,0
DA:250,0
DA:255,0
DA:256,0
DA:257,0
DA:259,0
DA:260,0
DA:275,0
DA:277,0
DA:278,0
DA:279,0
DA:280,0
DA:281,0
DA:283,0
DA:284,0
DA:285,0
DA:286,0
DA:289,0
DA:290,0
DA:291,0
DA:292,0
DA:295,0
DA:296,0
DA:297,0
DA:298,0
DA:299,0
DA:301,0
DA:305,0
DA:306,0
DA:308,0
DA:309,0
DA:312,0
DA:315,0
DA:316,0
DA:319,0
DA:320,0
end_of_record

SF:/home/phantom/Documents/azemora/azemora-contracts/test/governance/Governance.fuzz.t.sol
DA:15,0
DA:16,0
DA:19,0
DA:22,0
DA:23,0
DA:24,0
DA:31,0
DA:32,0
DA:33,0
DA:34,0
DA:37,0
DA:38,0
DA:39,0
DA:40,0
DA:42,0
DA:43,0
DA:46,0
DA:47,0
DA:48,0
DA:49,0
DA:52,0
DA:53,0
DA:54,0
DA:55,0
DA:56,0
DA:59,0
DA:60,0
DA:63,0
DA:64,0
DA:70,0
DA:71,0
DA:74,0
DA:75,0
DA:76,0
DA:77,0
DA:80,0
DA:82,0
DA:83,0
DA:84,0
DA:85,0
DA:87,0
DA:88,0
DA:89,0
DA:90,0
DA:92,0
DA:93,0
DA:94,0
DA:95,0
DA:96,0
DA:99,0
DA:100,0
DA:101,0
DA:103,0
DA:104,0
DA:105,0
DA:108,0
DA:109,0
DA:110,0
DA:112,0
DA:115,0
DA:116,0
DA:117,0
DA:119,0
DA:120,0
DA:122,0
DA:123,0
DA:125,0
DA:126,0
DA:128,0
DA:129,0
DA:135,0
DA:137,0
DA:140,0
DA:141,0
DA:142,0
DA:143,0
DA:144,0
DA:145,0
DA:147,0
DA:148,0
DA:151,0
DA:152,0
DA:153,0
DA:156,0
DA:157,0
DA:159,0
DA:161,0
DA:163,0
DA:164,0
DA:166,0
DA:169,0
end_of_record

SF:/home/phantom/Documents/azemora/azemora-contracts/test/governance/Governance.invariant.t.sol
DA:15,0
DA:16,0
DA:19,0
DA:22,0
DA:23,0
DA:24,0
DA:31,0
DA:32,0
DA:33,0
DA:34,0
DA:37,0
DA:41,0
DA:42,0
DA:43,0
DA:45,0
DA:46,0
DA:49,0
DA:50,0
DA:51,0
DA:52,0
DA:55,0
DA:56,0
DA:57,0
DA:58,0
DA:59,0
DA:62,0
DA:63,0
DA:66,0
DA:67,0
DA:73,0
DA:74,0
DA:77,0
DA:78,0
DA:79,0
DA:80,0
DA:83,0
DA:85,0
DA:86,0
DA:87,0
DA:88,0
DA:90,0
DA:91,0
DA:92,0
DA:93,0
DA:95,0
DA:96,0
DA:97,0
DA:98,0
DA:99,0
DA:102,0
DA:103,0
DA:104,0
DA:106,0
DA:107,0
DA:108,0
DA:111,0
DA:112,0
DA:113,0
DA:115,0
DA:118,0
DA:119,0
DA:120,0
DA:122,0
DA:123,0
DA:125,0
DA:126,0
DA:128,0
DA:129,0
DA:131,0
DA:132,0
DA:135,0
DA:142,0
DA:143,0
end_of_record

SF:/home/phantom/Documents/azemora/azemora-contracts/test/governance/Governance.t.sol
DA:16,0
DA:17,0
DA:20,0
DA:23,0
DA:24,0
DA:25,0
DA:32,0
DA:33,0
DA:34,0
DA:35,0
DA:38,0
DA:39,0
DA:40,0
DA:41,0
DA:43,0
DA:44,0
DA:47,0
DA:48,0
DA:49,0
DA:50,0
DA:53,0
DA:54,0
DA:55,0
DA:56,0
DA:57,0
DA:60,0
DA:62,0
DA:65,0
DA:66,0
DA:72,0
DA:73,0
DA:76,0
DA:77,0
DA:78,0
DA:79,0
DA:82,0
DA:84,0
DA:85,0
DA:86,0
DA:87,0
DA:89,0
DA:90,0
DA:91,0
DA:92,0
DA:94,0
DA:95,0
DA:96,0
DA:97,0
DA:98,0
DA:102,0
DA:103,0
DA:104,0
DA:106,0
DA:107,0
DA:108,0
DA:111,0
DA:112,0
DA:113,0
DA:116,0
DA:120,0
DA:121,0
DA:122,0
DA:124,0
DA:125,0
DA:127,0
DA:128,0
DA:130,0
DA:131,0
DA:134,0
DA:137,0
DA:140,0
DA:142,0
DA:143,0
DA:144,0
DA:145,0
DA:146,0
DA:147,0
DA:148,0
DA:151,0
DA:152,0
DA:155,0
DA:158,0
DA:159,0
DA:162,0
DA:165,0
DA:168,0
DA:171,0
DA:174,0
DA:177,0
DA:179,0
DA:180,0
DA:181,0
DA:182,0
DA:183,0
DA:184,0
DA:187,0
DA:188,0
DA:191,0
DA:194,0
DA:195,0
DA:204,0
DA:206,0
DA:207,0
DA:208,0
DA:209,0
DA:210,0
DA:211,0
DA:214,0
DA:215,0
DA:218,0
DA:221,0
DA:222,0
DA:225,0
DA:226,0
DA:229,0
DA:232,0
DA:235,0
DA:236,0
DA:237,0
DA:238,0
DA:241,0
DA:242,0
DA:243,0
DA:244,0
DA:245,0
DA:246,0
DA:247,0
DA:250,0
DA:251,0
DA:254,0
DA:257,0
DA:258,0
DA:261,0
DA:264,0
DA:267,0
DA:270,0
DA:273,0
DA:274,0
DA:275,0
DA:279,0
DA:280,0
DA:282,0
DA:283,0
DA:284,0
DA:285,0
DA:286,0
DA:287,0
DA:289,0
DA:290,0
DA:291,0
DA:294,0
DA:297,0
DA:299,0
DA:300,0
DA:301,0
DA:302,0
DA:303,0
DA:306,0
DA:307,0
DA:308,0
DA:309,0
DA:311,0
DA:312,0
DA:313,0
DA:316,0
DA:317,0
DA:318,0
DA:319,0
DA:321,0
DA:322,0
DA:323,0
DA:326,0
DA:329,0
DA:330,0
DA:331,0
DA:334,0
DA:335,0
DA:336,0
DA:337,0
DA:338,0
DA:339,0
DA:340,0
DA:343,0
DA:344,0
DA:345,0
DA:346,0
DA:347,0
DA:348,0
DA:349,0
DA:352,0
DA:355,0
DA:356,0
end_of_record

SF:/home/phantom/Documents/azemora/azemora-contracts/test/governance/Treasury.t.sol
DA:9,0
DA:13,0
DA:14,0
DA:15,0
DA:16,0
DA:17,0
DA:18,0
DA:20,0
DA:21,0
DA:22,0
DA:23,0
DA:26,0
DA:27,0
DA:28,0
DA:29,0
DA:32,0
DA:33,0
DA:34,0
DA:35,0
DA:39,0
DA:40,0
DA:41,0
DA:42,0
DA:43,0
DA:45,0
DA:46,0
DA:47,0
DA:48,0
DA:51,0
DA:52,0
DA:53,0
DA:54,0
DA:58,0
DA:62,0
DA:63,0
DA:65,0
DA:66,0
DA:68,0
DA:69,0
DA:70,0
DA:71,0
DA:72,0
DA:73,0
DA:76,0
DA:77,0
DA:80,0
DA:81,0
DA:82,0
DA:83,0
DA:86,0
DA:87,0
DA:88,0
DA:89,0
DA:92,0
DA:93,0
DA:94,0
DA:95,0
end_of_record

SF:/home/phantom/Documents/azemora/azemora-contracts/test/integration/FullFlow.t.sol
DA:16,0
DA:20,0
DA:21,0
DA:23,0
DA:24,0
DA:25,0
DA:26,0
DA:29,0
DA:30,0
DA:31,0
DA:32,0
DA:34,0
DA:35,0
DA:36,0
DA:37,0
DA:40,0
DA:42,0
DA:43,0
DA:44,0
DA:45,0
DA:49,0
DA:50,0
DA:51,0
DA:55,0
DA:71,0
DA:72,0
DA:73,0
DA:74,0
DA:75,0
DA:76,0
DA:77,0
DA:80,0
DA:81,0
DA:82,0
DA:84,0
DA:85,0
DA:88,0
DA:89,0
DA:90,0
DA:92,0
DA:93,0
DA:96,0
DA:98,0
DA:99,0
DA:106,0
DA:107,0
DA:110,0
DA:112,0
DA:114,0
DA:121,0
DA:122,0
DA:123,0
DA:125,0
DA:128,0
DA:129,0
DA:130,0
DA:133,0
DA:134,0
DA:135,0
DA:138,0
DA:139,0
DA:140,0
DA:143,0
DA:144,0
DA:145,0
DA:147,0
DA:149,0
DA:156,0
DA:158,0
DA:160,0
DA:162,0
DA:163,0
DA:166,0
DA:167,0
DA:168,0
DA:170,0
DA:171,0
DA:174,0
DA:179,0
DA:183,0
DA:185,0
DA:187,0
DA:189,0
DA:190,0
DA:192,0
DA:195,0
DA:197,0
DA:198,0
DA:199,0
DA:201,0
DA:202,0
DA:203,0
DA:204,0
DA:205,0
DA:210,0
DA:211,0
DA:214,0
DA:215,0
DA:218,0
DA:219,0
DA:220,0
DA:222,0
DA:223,0
DA:224,0
DA:229,0
DA:230,0
DA:233,0
DA:234,0
DA:235,0
DA:236,0
DA:238,0
DA:239,0
DA:240,0
DA:244,0
DA:245,0
DA:246,0
DA:248,0
DA:250,0
DA:251,0
DA:252,0
DA:253,0
DA:255,0
DA:256,0
DA:257,0
DA:261,0
DA:262,0
DA:265,0
DA:266,0
DA:267,0
DA:268,0
DA:270,0
DA:271,0
DA:274,0
DA:275,0
DA:277,0
DA:278,0
DA:281,0
DA:282,0
DA:283,0
DA:286,0
DA:287,0
DA:288,0
DA:289,0
DA:292,0
DA:293,0
DA:294,0
DA:295,0
end_of_record

SF:/home/phantom/Documents/azemora/azemora-contracts/test/invariants/Fee.invariant.t.sol
DA:27,0
DA:37,0
DA:39,0
DA:48,0
DA:49,0
DA:50,0
DA:51,0
DA:52,0
DA:53,0
DA:54,0
DA:58,0
DA:59,0
DA:62,0
DA:63,0
DA:68,0
DA:69,0
DA:72,0
DA:73,0
DA:76,0
DA:77,0
DA:79,0
DA:80,0
DA:83,0
DA:85,0
DA:87,0
DA:88,0
DA:90,0
DA:91,0
DA:93,0
DA:99,0
DA:100,0
DA:101,0
DA:102,0
DA:104,0
DA:106,0
DA:115,0
DA:124,0
DA:125,0
DA:126,0
DA:129,0
DA:131,0
DA:132,0
DA:134,0
DA:135,0
DA:136,0
DA:138,0
DA:139,0
DA:140,0
DA:141,0
DA:142,0
DA:143,0
DA:145,0
DA:146,0
DA:147,0
DA:151,0
DA:152,0
DA:155,0
DA:157,0
DA:158,0
DA:159,0
DA:161,0
DA:165,0
DA:166,0
DA:167,0
DA:170,0
DA:171,0
DA:172,0
DA:175,0
DA:176,0
DA:182,0
DA:183,0
DA:192,0
DA:193,0
DA:194,0
DA:195,0
end_of_record

SF:/home/phantom/Documents/azemora/azemora-contracts/test/invariants/Project.invariant.t.sol
DA:21,0
DA:28,0
DA:30,0
DA:36,0
DA:37,0
DA:38,0
DA:39,0
DA:43,0
DA:45,0
DA:46,0
DA:49,0
DA:50,0
DA:51,0
DA:56,0
DA:57,0
DA:60,0
DA:61,0
DA:65,0
DA:66,0
DA:70,0
DA:72,0
DA:81,0
DA:86,0
DA:87,0
DA:88,0
DA:91,0
DA:93,0
DA:94,0
DA:95,0
DA:96,0
DA:98,0
DA:100,0
DA:101,0
DA:104,0
DA:111,0
DA:113,0
DA:124,0
DA:125,0
DA:128,0
DA:130,0
DA:131,0
DA:132,0
DA:133,0
DA:135,0
DA:136,0
DA:137,0
DA:138,0
DA:140,0
DA:141,0
DA:142,0
DA:143,0
DA:147,0
DA:151,0
end_of_record

SF:/home/phantom/Documents/azemora/azemora-contracts/test/invariants/System.invariant.t.sol
DA:12,0
DA:16,0
DA:17,0
DA:18,0
DA:25,0
DA:31,0
DA:36,0
DA:44,0
DA:45,0
DA:46,0
DA:51,0
DA:52,0
DA:55,0
DA:56,0
DA:57,0
DA:59,0
DA:60,0
DA:61,0
DA:64,0
DA:65,0
DA:66,0
DA:68,0
DA:70,0
DA:75,0
DA:78,0
DA:85,0
DA:86,0
DA:87,0
DA:88,0
end_of_record

SF:/home/phantom/Documents/azemora/azemora-contracts/test/invariants/Upgrade.invariant.t.sol
DA:19,0
DA:25,0
DA:26,0
DA:27,0
DA:28,0
DA:32,0
DA:39,0
DA:44,0
DA:46,0
DA:47,0
DA:48,0
DA:49,0
DA:50,0
DA:60,0
DA:69,0
DA:74,0
DA:75,0
DA:78,0
DA:79,0
DA:80,0
DA:82,0
DA:83,0
DA:84,0
DA:86,0
DA:87,0
DA:88,0
DA:90,0
DA:92,0
DA:98,0
DA:101,0
DA:104,0
DA:111,0
DA:113,0
DA:114,0
DA:115,0
end_of_record

SF:/home/phantom/Documents/azemora/azemora-contracts/test/marketplace/Marketplace.complex.t.sol
DA:12,0
DA:20,0
DA:21,0
DA:22,0
DA:23,0
DA:24,0
DA:25,0
DA:26,0
DA:27,0
DA:30,0
DA:31,0
DA:35,0
DA:36,0
DA:37,0
DA:40,0
DA:41,0
DA:42,0
DA:43,0
DA:44,0
DA:46,0
DA:49,0
DA:50,0
DA:52,0
DA:54,0
DA:56,0
DA:57,0
DA:58,0
DA:62,0
DA:64,0
DA:66,0
DA:67,0
DA:68,0
DA:72,0
DA:73,0
DA:75,0
DA:79,0
DA:80,0
DA:81,0
DA:82,0
DA:83,0
DA:84,0
DA:87,0
DA:88,0
DA:89,0
DA:90,0
DA:91,0
DA:92,0
DA:95,0
DA:97,0
DA:98,0
DA:99,0
DA:100,0
DA:102,0
DA:103,0
DA:104,0
DA:105,0
DA:107,0
DA:108,0
DA:111,0
DA:112,0
DA:114,0
DA:115,0
DA:116,0
DA:117,0
DA:119,0
DA:120,0
DA:121,0
DA:122,0
DA:125,0
DA:126,0
DA:128,0
DA:129,0
DA:132,0
DA:133,0
DA:134,0
DA:135,0
DA:136,0
DA:138,0
DA:139,0
DA:140,0
DA:141,0
DA:143,0
DA:144,0
DA:145,0
DA:146,0
DA:147,0
DA:150,0
DA:151,0
DA:153,0
DA:154,0
DA:155,0
DA:156,0
DA:158,0
DA:159,0
DA:160,0
DA:161,0
DA:164,0
DA:165,0
DA:166,0
DA:167,0
DA:168,0
DA:170,0
DA:171,0
DA:172,0
DA:173,0
DA:176,0
DA:177,0
DA:180,0
DA:181,0
DA:182,0
DA:185,0
DA:186,0
DA:187,0
DA:188,0
DA:190,0
DA:191,0
DA:192,0
DA:193,0
DA:195,0
end_of_record

SF:/home/phantom/Documents/azemora/azemora-contracts/test/marketplace/Marketplace.fuzz.t.sol
DA:12,0
DA:18,0
DA:19,0
DA:20,0
DA:21,0
DA:22,0
DA:23,0
DA:25,0
DA:27,0
DA:28,0
DA:29,0
DA:31,0
DA:33,0
DA:34,0
DA:36,0
DA:38,0
DA:40,0
DA:41,0
DA:42,0
DA:46,0
DA:48,0
DA:50,0
DA:51,0
DA:52,0
DA:56,0
DA:57,0
DA:59,0
DA:62,0
DA:63,0
DA:67,0
DA:69,0
DA:70,0
DA:71,0
DA:72,0
DA:73,0
DA:74,0
DA:77,0
DA:78,0
DA:79,0
DA:82,0
DA:83,0
DA:87,0
DA:88,0
DA:89,0
DA:90,0
DA:93,0
DA:94,0
DA:96,0
DA:97,0
DA:98,0
DA:99,0
DA:103,0
DA:104,0
DA:105,0
DA:106,0
DA:110,0
end_of_record

SF:/home/phantom/Documents/azemora/azemora-contracts/test/marketplace/Marketplace.griefing.t.sol
DA:11,0
DA:14,0
DA:15,0
DA:17,0
DA:18,0
DA:21,0
DA:22,0
DA:23,0
DA:24,0
DA:27,0
DA:28,0
DA:29,0
DA:31,0
DA:32,0
DA:34,0
DA:35,0
DA:36,0
DA:40,0
DA:49,0
DA:52,0
DA:53,0
DA:54,0
DA:56,0
DA:57,0
DA:60,0
DA:61,0
DA:62,0
DA:63,0
DA:66,0
DA:67,0
DA:68,0
DA:69,0
DA:72,0
DA:75,0
DA:76,0
DA:77,0
DA:78,0
DA:79,0
DA:82,0
DA:85,0
DA:86,0
DA:87,0
DA:91,0
DA:92,0
DA:93,0
DA:96,0
DA:97,0
DA:105,0
DA:106,0
DA:107,0
DA:110,0
DA:111,0
DA:112,0
DA:114,0
DA:117,0
DA:118,0
DA:119,0
DA:120,0
DA:121,0
DA:124,0
DA:125,0
DA:131,0
DA:132,0
DA:133,0
DA:134,0
DA:135,0
DA:138,0
DA:139,0
DA:140,0
DA:141,0
DA:143,0
DA:146,0
DA:147,0
DA:148,0
DA:149,0
DA:152,0
DA:153,0
DA:154,0
DA:155,0
DA:156,0
DA:159,0
DA:160,0
DA:167,0
DA:168,0
DA:171,0
DA:172,0
DA:175,0
DA:176,0
DA:177,0
DA:178,0
DA:181,0
DA:182,0
DA:188,0
DA:189,0
end_of_record

SF:/home/phantom/Documents/azemora/azemora-contracts/test/marketplace/Marketplace.invariant.t.sol
DA:13,0
DA:14,0
DA:15,0
DA:16,0
DA:17,0
DA:22,0
DA:25,0
DA:26,0
DA:27,0
DA:28,0
DA:29,0
DA:32,0
DA:33,0
DA:34,0
DA:36,0
DA:37,0
DA:40,0
DA:41,0
DA:44,0
DA:54,0
DA:55,0
DA:56,0
DA:57,0
DA:58,0
DA:59,0
DA:60,0
DA:61,0
DA:64,0
DA:65,0
DA:69,0
DA:70,0
DA:71,0
DA:72,0
DA:75,0
DA:78,0
DA:84,0
DA:86,0
DA:89,0
DA:90,0
DA:92,0
DA:93,0
DA:94,0
DA:95,0
DA:96,0
DA:97,0
DA:98,0
DA:100,0
DA:101,0
DA:102,0
DA:106,0
DA:107,0
DA:108,0
DA:109,0
DA:112,0
DA:113,0
DA:114,0
DA:115,0
DA:119,0
DA:120,0
DA:121,0
DA:123,0
DA:124,0
DA:126,0
DA:129,0
DA:131,0
DA:132,0
DA:133,0
DA:134,0
DA:137,0
DA:140,0
DA:141,0
DA:143,0
DA:144,0
DA:146,0
DA:147,0
DA:148,0
DA:151,0
DA:152,0
DA:153,0
DA:154,0
DA:158,0
DA:159,0
DA:160,0
DA:161,0
DA:163,0
DA:164,0
DA:166,0
DA:167,0
DA:176,0
DA:179,0
DA:181,0
DA:182,0
DA:183,0
DA:184,0
DA:186,0
DA:187,0
DA:188,0
DA:190,0
DA:192,0
DA:194,0
DA:195,0
DA:196,0
DA:200,0
DA:202,0
DA:203,0
DA:205,0
DA:206,0
DA:207,0
DA:211,0
DA:212,0
DA:213,0
DA:216,0
DA:217,0
DA:220,0
DA:226,0
DA:227,0
DA:228,0
DA:230,0
DA:231,0
DA:232,0
DA:233,0
DA:234,0
DA:237,0
DA:238,0
DA:239,0
DA:241,0
DA:246,0
DA:247,0
DA:248,0
DA:255,0
DA:256,0
DA:257,0
DA:258,0
DA:259,0
DA:262,0
DA:265,0
DA:268,0
DA:269,0
DA:270,0
DA:271,0
DA:275,0
DA:278,0
end_of_record

SF:/home/phantom/Documents/azemora/azemora-contracts/test/marketplace/Marketplace.t.sol
DA:12,0
DA:16,0
DA:17,0
DA:18,0
DA:19,0
DA:20,0
DA:21,0
DA:23,0
DA:24,0
DA:25,0
DA:26,0
DA:29,0
DA:30,0
DA:31,0
DA:32,0
DA:35,0
DA:36,0
DA:37,0
DA:38,0
DA:39,0
DA:41,0
DA:42,0
DA:43,0
DA:44,0
DA:47,0
DA:48,0
DA:49,0
DA:50,0
DA:54,0
DA:64,0
DA:65,0
DA:66,0
DA:67,0
DA:68,0
DA:69,0
DA:72,0
DA:75,0
DA:76,0
DA:80,0
DA:81,0
DA:82,0
DA:84,0
DA:87,0
DA:88,0
DA:89,0
DA:90,0
DA:91,0
DA:94,0
DA:95,0
DA:97,0
DA:99,0
DA:103,0
DA:106,0
DA:107,0
DA:108,0
DA:110,0
DA:111,0
DA:112,0
DA:114,0
DA:118,0
DA:119,0
DA:120,0
DA:121,0
DA:124,0
DA:125,0
DA:129,0
DA:130,0
DA:131,0
DA:132,0
DA:133,0
DA:139,0
DA:140,0
DA:141,0
DA:143,0
DA:144,0
DA:145,0
DA:147,0
DA:148,0
DA:150,0
DA:151,0
DA:153,0
DA:155,0
DA:156,0
DA:157,0
DA:158,0
DA:159,0
DA:162,0
DA:163,0
DA:164,0
DA:165,0
DA:166,0
DA:167,0
DA:168,0
DA:170,0
DA:171,0
DA:173,0
DA:174,0
DA:176,0
DA:177,0
DA:180,0
DA:181,0
DA:184,0
DA:185,0
DA:188,0
DA:189,0
DA:190,0
DA:193,0
DA:194,0
DA:195,0
DA:196,0
DA:198,0
DA:199,0
DA:201,0
DA:202,0
DA:204,0
DA:205,0
DA:206,0
DA:210,0
DA:213,0
DA:214,0
DA:216,0
DA:217,0
DA:218,0
DA:219,0
DA:221,0
DA:222,0
DA:225,0
DA:226,0
DA:228,0
DA:229,0
DA:233,0
DA:236,0
DA:237,0
DA:238,0
DA:241,0
DA:242,0
DA:243,0
DA:248,0
DA:249,0
DA:250,0
DA:251,0
DA:252,0
DA:254,0
DA:255,0
DA:257,0
DA:258,0
DA:259,0
DA:260,0
DA:263,0
DA:264,0
DA:265,0
DA:268,0
DA:271,0
DA:272,0
DA:275,0
DA:276,0
DA:277,0
DA:278,0
DA:281,0
DA:282,0
DA:285,0
DA:286,0
DA:287,0
DA:290,0
DA:291,0
DA:292,0
DA:294,0
DA:295,0
DA:297,0
DA:298,0
DA:301,0
DA:302,0
DA:304,0
DA:305,0
DA:309,0
DA:310,0
DA:313,0
DA:314,0
DA:317,0
DA:318,0
DA:319,0
DA:322,0
DA:323,0
DA:325,0
DA:326,0
DA:327,0
DA:330,0
DA:331,0
DA:332,0
DA:333,0
DA:336,0
DA:337,0
DA:338,0
DA:339,0
DA:342,0
DA:343,0
DA:344,0
DA:345,0
DA:348,0
DA:349,0
DA:350,0
DA:351,0
DA:354,0
DA:355,0
DA:356,0
DA:357,0
DA:360,0
DA:361,0
DA:364,0
DA:366,0
DA:367,0
DA:368,0
DA:371,0
DA:372,0
DA:373,0
DA:374,0
DA:375,0
DA:378,0
DA:379,0
DA:380,0
DA:381,0
DA:382,0
DA:387,0
DA:388,0
DA:389,0
DA:390,0
DA:391,0
DA:393,0
DA:394,0
DA:396,0
DA:397,0
DA:399,0
DA:400,0
DA:405,0
DA:406,0
DA:407,0
DA:408,0
DA:409,0
DA:412,0
DA:413,0
DA:415,0
DA:417,0
DA:419,0
DA:420,0
DA:421,0
DA:424,0
DA:425,0
DA:426,0
DA:427,0
DA:428,0
DA:431,0
DA:432,0
DA:433,0
DA:434,0
DA:435,0
DA:437,0
DA:439,0
DA:440,0
DA:442,0
DA:444,0
DA:445,0
DA:448,0
DA:449,0
DA:450,0
DA:455,0
DA:456,0
DA:458,0
DA:460,0
DA:461,0
DA:462,0
DA:463,0
DA:464,0
DA:467,0
DA:468,0
DA:469,0
DA:470,0
DA:473,0
DA:476,0
DA:477,0
DA:479,0
DA:480,0
DA:481,0
DA:484,0
DA:486,0
DA:487,0
DA:488,0
DA:490,0
DA:491,0
DA:492,0
DA:494,0
DA:495,0
DA:496,0
DA:498,0
DA:499,0
DA:500,0
end_of_record

SF:/home/phantom/Documents/azemora/azemora-contracts/test/projectRegistry/ProjectRegistry.t.sol
DA:8,0
DA:11,0
DA:12,0
DA:13,0
DA:14,0
DA:16,0
DA:18,0
DA:19,0
DA:20,0
DA:21,0
DA:22,0
DA:23,0
DA:26,0
DA:27,0
DA:30,0
DA:31,0
DA:38,0
DA:39,0
DA:40,0
DA:42,0
DA:43,0
DA:44,0
DA:45,0
DA:47,0
DA:48,0
DA:49,0
DA:50,0
DA:51,0
DA:54,0
DA:55,0
DA:56,0
DA:57,0
DA:64,0
DA:65,0
DA:66,0
DA:67,0
DA:68,0
DA:70,0
DA:71,0
DA:74,0
DA:76,0
DA:77,0
DA:80,0
DA:81,0
DA:82,0
DA:83,0
DA:85,0
DA:86,0
DA:89,0
DA:90,0
DA:91,0
DA:93,0
DA:94,0
DA:96,0
DA:97,0
DA:100,0
DA:101,0
DA:102,0
DA:103,0
DA:106,0
DA:107,0
DA:108,0
DA:109,0
DA:111,0
DA:112,0
DA:115,0
DA:117,0
DA:118,0
DA:119,0
DA:122,0
DA:124,0
DA:125,0
DA:126,0
DA:127,0
DA:130,0
DA:131,0
DA:135,0
DA:136,0
DA:137,0
DA:138,0
DA:141,0
DA:143,0
DA:144,0
DA:145,0
DA:148,0
DA:150,0
DA:151,0
DA:152,0
DA:153,0
DA:161,0
DA:162,0
DA:165,0
DA:166,0
DA:167,0
DA:168,0
DA:169,0
DA:172,0
DA:173,0
DA:174,0
DA:177,0
DA:179,0
DA:180,0
DA:181,0
DA:182,0
DA:183,0
DA:186,0
DA:187,0
DA:188,0
DA:191,0
DA:192,0
DA:193,0
DA:194,0
DA:197,0
DA:198,0
DA:199,0
DA:200,0
DA:203,0
DA:204,0
DA:205,0
DA:208,0
DA:209,0
DA:210,0
DA:217,0
DA:218,0
DA:220,0
DA:222,0
DA:223,0
DA:224,0
DA:225,0
DA:226,0
DA:229,0
DA:230,0
DA:231,0
DA:232,0
DA:235,0
DA:238,0
DA:239,0
DA:240,0
DA:243,0
DA:245,0
DA:246,0
DA:247,0
DA:249,0
DA:250,0
DA:251,0
DA:253,0
DA:254,0
DA:255,0
DA:257,0
DA:258,0
DA:259,0
DA:265,0
DA:266,0
DA:267,0
end_of_record

SF:/home/phantom/Documents/azemora/azemora-contracts/test/reverts/DynamicImpactCredit.reverts.t.sol
DA:9,0
DA:13,0
DA:14,0
DA:15,0
DA:16,0
DA:17,0
DA:19,0
DA:20,0
DA:21,0
DA:23,0
DA:24,0
DA:26,0
DA:27,0
DA:28,0
DA:33,0
DA:34,0
DA:35,0
DA:39,0
DA:40,0
DA:41,0
DA:44,0
DA:45,0
DA:46,0
DA:47,0
DA:48,0
DA:49,0
DA:54,0
DA:55,0
DA:56,0
DA:57,0
DA:58,0
DA:61,0
DA:62,0
DA:63,0
DA:64,0
DA:69,0
DA:71,0
DA:72,0
DA:74,0
DA:75,0
DA:76,0
DA:77,0
DA:82,0
DA:83,0
DA:84,0
DA:89,0
DA:91,0
DA:92,0
DA:95,0
DA:96,0
DA:97,0
DA:102,0
DA:103,0
DA:104,0
DA:106,0
DA:107,0
DA:108,0
end_of_record

SF:/home/phantom/Documents/azemora/azemora-contracts/test/reverts/Marketplace.reverts.t.sol
DA:10,0
DA:11,0
DA:12,0
DA:14,0
DA:15,0
DA:18,0
DA:19,0
DA:20,0
DA:21,0
DA:22,0
DA:23,0
DA:26,0
DA:27,0
DA:32,0
DA:33,0
DA:35,0
DA:36,0
DA:39,0
DA:42,0
DA:47,0
DA:48,0
DA:49,0
DA:50,0
DA:52,0
DA:55,0
DA:56,0
DA:57,0
DA:59,0
DA:60,0
DA:61,0
DA:63,0
DA:65,0
DA:69,0
DA:72,0
DA:73,0
DA:78,0
DA:79,0
DA:80,0
DA:81,0
DA:84,0
DA:85,0
DA:86,0
DA:87,0
DA:92,0
DA:94,0
DA:95,0
DA:97,0
DA:102,0
DA:103,0
DA:104,0
DA:109,0
DA:110,0
DA:111,0
DA:112,0
DA:115,0
DA:117,0
DA:118,0
DA:119,0
DA:124,0
DA:125,0
DA:126,0
DA:127,0
DA:132,0
DA:133,0
DA:134,0
DA:135,0
DA:138,0
DA:139,0
DA:140,0
DA:142,0
DA:143,0
DA:149,0
DA:150,0
DA:151,0
DA:152,0
DA:153,0
DA:156,0
DA:157,0
DA:158,0
DA:159,0
DA:160,0
end_of_record

SF:/home/phantom/Documents/azemora/azemora-contracts/test/reverts/ProjectRegistry.reverts.t.sol
DA:8,0
DA:11,0
DA:12,0
DA:13,0
DA:14,0
DA:16,0
DA:18,0
DA:19,0
DA:20,0
DA:21,0
DA:22,0
DA:25,0
DA:26,0
DA:29,0
DA:30,0
DA:35,0
DA:36,0
DA:37,0
DA:38,0
DA:43,0
DA:44,0
DA:45,0
DA:46,0
DA:49,0
DA:50,0
DA:51,0
DA:52,0
DA:55,0
DA:56,0
DA:57,0
DA:58,0
DA:61,0
DA:62,0
DA:63,0
DA:64,0
DA:67,0
DA:69,0
DA:70,0
DA:71,0
DA:76,0
DA:77,0
DA:78,0
DA:79,0
DA:84,0
DA:85,0
DA:86,0
DA:87,0
DA:90,0
DA:91,0
DA:92,0
DA:93,0
DA:96,0
DA:98,0
DA:99,0
DA:100,0
DA:103,0
DA:104,0
end_of_record

SF:/home/phantom/Documents/azemora/azemora-contracts/test/reverts/dMRVManager.reverts.t.sol
DA:10,0
DA:15,0
DA:16,0
DA:17,0
DA:18,0
DA:19,0
DA:21,0
DA:22,0
DA:24,0
DA:25,0
DA:27,0
DA:28,0
DA:29,0
DA:31,0
DA:34,0
DA:35,0
DA:36,0
DA:40,0
DA:41,0
DA:42,0
DA:45,0
DA:46,0
DA:47,0
DA:50,0
DA:51,0
DA:52,0
DA:53,0
DA:56,0
DA:57,0
DA:62,0
DA:63,0
DA:64,0
DA:65,0
DA:70,0
DA:71,0
DA:72,0
DA:73,0
DA:74,0
DA:75,0
DA:78,0
DA:79,0
DA:80,0
DA:81,0
DA:82,0
DA:85,0
DA:87,0
DA:88,0
DA:91,0
DA:92,0
DA:93,0
DA:96,0
DA:97,0
DA:98,0
DA:103,0
DA:104,0
DA:105,0
DA:106,0
DA:107,0
DA:110,0
DA:111,0
DA:112,0
DA:113,0
DA:118,0
DA:119,0
DA:120,0
DA:122,0
DA:123,0
DA:124,0
end_of_record

SF:/home/phantom/Documents/azemora/azemora-contracts/test/security/Handoff.t.sol
DA:14,0
DA:15,0
DA:18,0
DA:20,0
DA:21,0
DA:22,0
DA:23,0
DA:24,0
DA:25,0
DA:28,0
DA:29,0
DA:32,0
DA:34,0
DA:35,0
DA:36,0
DA:43,0
DA:46,0
DA:47,0
DA:48,0
DA:49,0
DA:50,0
DA:51,0
DA:54,0
DA:55,0
DA:56,0
DA:59,0
DA:60,0
DA:61,0
DA:64,0
DA:65,0
DA:66,0
DA:69,0
DA:70,0
DA:71,0
DA:72,0
DA:75,0
DA:76,0
DA:77,0
DA:80,0
DA:88,0
DA:91,0
DA:92,0
DA:93,0
DA:94,0
DA:97,0
DA:101,0
DA:102,0
DA:103,0
DA:104,0
DA:107,0
DA:108,0
DA:112,0
DA:113,0
DA:114,0
DA:115,0
DA:116,0
DA:119,0
DA:120,0
DA:121,0
DA:122,0
DA:123,0
end_of_record

SF:/home/phantom/Documents/azemora/azemora-contracts/test/security/Interface.t.sol
DA:17,0
DA:19,0
DA:20,0
DA:21,0
DA:22,0
DA:23,0
DA:32,0
DA:34,0
DA:37,0
DA:38,0
DA:39,0
DA:40,0
DA:41,0
DA:44,0
DA:45,0
DA:46,0
DA:47,0
DA:48,0
DA:51,0
DA:52,0
DA:53,0
DA:54,0
DA:57,0
DA:58,0
DA:59,0
DA:60,0
DA:61,0
DA:64,0
DA:65,0
DA:66,0
DA:67,0
DA:68,0
DA:71,0
DA:73,0
DA:74,0
DA:77,0
DA:78,0
end_of_record

SF:/home/phantom/Documents/azemora/azemora-contracts/test/security/Marketplace.security.t.sol
DA:17,0
DA:18,0
DA:19,0
DA:20,0
DA:21,0
DA:23,0
DA:24,0
DA:25,0
DA:26,0
DA:29,0
DA:30,0
DA:31,0
DA:32,0
DA:33,0
DA:35,0
DA:43,0
DA:49,0
DA:50,0
DA:51,0
DA:55,0
DA:56,0
DA:57,0
DA:58,0
DA:59,0
DA:60,0
DA:62,0
DA:63,0
DA:65,0
DA:66,0
DA:67,0
DA:72,0
DA:73,0
DA:74,0
DA:75,0
DA:77,0
DA:78,0
DA:81,0
DA:83,0
DA:84,0
DA:85,0
DA:86,0
DA:90,0
DA:92,0
DA:94,0
DA:96,0
DA:97,0
DA:100,0
DA:101,0
DA:102,0
DA:103,0
DA:106,0
DA:107,0
DA:108,0
DA:115,0
DA:116,0
DA:119,0
DA:122,0
DA:123,0
DA:127,0
DA:128,0
end_of_record

SF:/home/phantom/Documents/azemora/azemora-contracts/test/security/Reentrancy.t.sol
DA:18,0
DA:22,0
DA:24,0
DA:27,0
DA:29,0
DA:32,0
DA:33,0
DA:43,0
DA:48,0
DA:50,0
DA:51,0
DA:52,0
DA:56,0
DA:58,0
DA:61,0
DA:64,0
DA:67,0
DA:71,0
DA:73,0
DA:74,0
DA:77,0
DA:80,0
end_of_record

SF:/home/phantom/Documents/azemora/azemora-contracts/test/security/Treasury.security.t.sol
DA:16,0
DA:17,0
DA:18,0
DA:21,0
DA:22,0
DA:28,0
DA:30,0
DA:35,0
DA:36,0
DA:37,0
DA:40,0
DA:43,0
DA:55,0
DA:59,0
DA:61,0
DA:62,0
DA:63,0
DA:66,0
DA:69,0
DA:71,0
DA:72,0
DA:78,0
DA:79,0
DA:85,0
DA:86,0
DA:88,0
DA:89,0
end_of_record

SF:/home/phantom/Documents/azemora/azemora-contracts/test/upgrades/DynamicImpactCreditUpgrade.t.sol
DA:10,0
DA:17,0
DA:18,0
DA:19,0
DA:20,0
DA:23,0
DA:24,0
DA:26,0
DA:29,0
DA:30,0
DA:31,0
DA:33,0
DA:34,0
DA:35,0
DA:38,0
DA:39,0
DA:44,0
DA:45,0
DA:47,0
DA:50,0
DA:51,0
DA:54,0
DA:56,0
DA:57,0
DA:58,0
DA:59,0
DA:62,0
DA:63,0
DA:65,0
DA:66,0
DA:67,0
DA:70,0
DA:73,0
DA:74,0
DA:75,0
DA:78,0
DA:79,0
DA:80,0
DA:81,0
DA:82,0
DA:83,0
DA:86,0
end_of_record

SF:/home/phantom/Documents/azemora/azemora-contracts/test/upgrades/DynamicImpactCreditV2.sol
DA:10,0
DA:12,0
DA:14,0
DA:17,0
DA:18,0
end_of_record

SF:/home/phantom/Documents/azemora/azemora-contracts/test/upgrades/MarketplaceV2.sol
DA:9,0
DA:11,0
DA:14,0
DA:15,0
end_of_record

SF:/home/phantom/Documents/azemora/azemora-contracts/test/upgrades/ProjectRegistryUpgrade.t.sol
DA:9,0
DA:15,0
DA:16,0
DA:17,0
DA:19,0
DA:20,0
DA:23,0
DA:24,0
DA:25,0
DA:26,0
DA:29,0
DA:30,0
DA:31,0
DA:32,0
DA:34,0
DA:35,0
DA:36,0
DA:39,0
DA:41,0
DA:42,0
DA:43,0
DA:44,0
DA:47,0
DA:48,0
DA:49,0
DA:50,0
DA:53,0
DA:56,0
DA:57,0
DA:58,0
DA:61,0
DA:62,0
DA:63,0
DA:64,0
DA:67,0
DA:68,0
DA:69,0
end_of_record

SF:/home/phantom/Documents/azemora/azemora-contracts/test/upgrades/ProjectRegistryV2.sol
DA:11,0
DA:13,0
DA:16,0
DA:17,0
end_of_record

SF:/home/phantom/Documents/azemora/azemora-contracts/test/upgrades/TreasuryUpgrade.t.sol
DA:10,0
DA:17,0
DA:18,0
DA:20,0
DA:21,0
DA:24,0
DA:25,0
DA:26,0
DA:27,0
DA:29,0
DA:32,0
DA:33,0
DA:34,0
DA:37,0
DA:39,0
DA:40,0
DA:41,0
DA:44,0
DA:45,0
DA:47,0
DA:49,0
DA:50,0
DA:53,0
DA:56,0
DA:57,0
DA:58,0
DA:60,0
DA:63,0
DA:64,0
DA:65,0
end_of_record

SF:/home/phantom/Documents/azemora/azemora-contracts/test/upgrades/TreasuryV2.sol
DA:10,0
DA:15,0
DA:16,0
end_of_record

SF:/home/phantom/Documents/azemora/azemora-contracts/test/upgrades/Upgrade.t.sol
DA:10,0
DA:17,0
DA:18,0
DA:20,0
DA:21,0
DA:22,0
DA:24,0
DA:27,0
DA:28,0
DA:29,0
DA:31,0
DA:34,0
DA:36,0
DA:39,0
DA:41,0
DA:42,0
DA:43,0
DA:47,0
DA:48,0
DA:49,0
DA:50,0
DA:55,0
DA:58,0
DA:61,0
DA:62,0
DA:67,0
DA:68,0
DA:69,0
DA:72,0
DA:73,0
DA:74,0
DA:77,0
DA:78,0
DA:79,0
DA:80,0
end_of_record

